Base path: E:/ZH/SoftWare/Unity463/Editor/Data
Pipe name: \\.\pipe\UnityShaderCompiler-1-16112
Cmd: getPlatforms
Cmd: preprocess
  insize=643 outsize=643 ok=1
Cmd: preprocess
  insize=195 outsize=195 ok=1
Cmd: preprocess
  insize=737 outsize=333 ok=1
Cmd: compileSnippet
  api=4 type=0 insize=706 outsize=1128 kw= ok=1
Cmd: compileSnippet
  api=4 type=1 insize=706 outsize=1047 kw= ok=1
Cmd: preprocess
  insize=976 outsize=976 ok=1
Cmd: preprocess
  insize=1131 outsize=1131 ok=1
Cmd: preprocess
  insize=242 outsize=242 ok=1
Cmd: preprocess
  insize=965 outsize=1120 ok=1
Cmd: compileSnippet
  api=4 type=0 insize=4498 outsize=2607 kw=DIRECTIONAL LIGHTMAP_OFF DIRLIGHTMAP_OFF ok=1
Cmd: compileSnippet
  api=4 type=1 insize=4498 outsize=1567 kw=DIRECTIONAL LIGHTMAP_OFF DIRLIGHTMAP_OFF ok=1
Cmd: compileSnippet
  api=4 type=0 insize=2519 outsize=2875 kw=POINT ok=1
Cmd: compileSnippet
  api=4 type=1 insize=2519 outsize=1867 kw=POINT ok=1
Cmd: preprocess
  insize=659 outsize=659 ok=1
Cmd: preprocess
  insize=460 outsize=460 ok=1
